[debug] [2020-07-27T21:07:48.988Z] ----------------------------------------------------------------------
[debug] [2020-07-27T21:07:48.990Z] Command:       C:\Program Files\nodejs\node.exe C:\Program Files\nodejs\node_modules\firebase-tools\lib\bin\firebase.js init
[debug] [2020-07-27T21:07:48.990Z] CLI Version:   8.4.3
[debug] [2020-07-27T21:07:48.991Z] Platform:      win32
[debug] [2020-07-27T21:07:48.991Z] Node Version:  v12.14.0
[debug] [2020-07-27T21:07:48.992Z] Time:          Mon Jul 27 2020 16:07:48 GMT-0500 (GMT-05:00)
[debug] [2020-07-27T21:07:48.992Z] ----------------------------------------------------------------------
[debug] [2020-07-27T21:07:48.992Z] 
[debug] [2020-07-27T21:07:49.000Z] > command requires scopes: ["email","openid","https://www.googleapis.com/auth/cloudplatformprojects.readonly","https://www.googleapis.com/auth/firebase","https://www.googleapis.com/auth/cloud-platform"]
[debug] [2020-07-27T21:07:49.001Z] > authorizing via signed-in user
[info] 
     ######## #### ########  ######## ########     ###     ######  ########
     ##        ##  ##     ## ##       ##     ##  ##   ##  ##       ##
     ######    ##  ########  ######   ########  #########  ######  ######
     ##        ##  ##    ##  ##       ##     ## ##     ##       ## ##
     ##       #### ##     ## ######## ########  ##     ##  ######  ########

You're about to initialize a Firebase project in this directory:

  G:\ProyectosAngular\INEI-PRY-IPC-FRONTEND

Before we get started, keep in mind:

  * You are initializing in an existing Firebase project directory

